<?xml version="1.0" encoding="UTF-8"?>
<!-- Generated by org.testng.reporters.JUnitXMLReporter -->
<testsuite ignored="1" hostname="DESKTOP-D09GME8" failures="0" tests="5" name="chhromeTest" time="471.35" errors="0" timestamp="2024-12-23T01:35:15 IST">
  <testcase classname="testCase.TC001RegTestcase" name="VerifyAccReg" time="54.777"/>
  <testcase classname="testCase.TC002LoginTestcase" name="TC002testLogin" time="64.112"/>
  <testcase classname="testCase.TC003LoginwithDDT" name="testLoginwithdata" time="14.178"/>
  <testcase classname="testCase.TC003LoginwithDDT" name="testLoginwithdata" time="14.461"/>
  <testcase classname="testCase.TC003LoginwithDDT" name="testLoginwithdata" time="14.83"/>
  <testcase classname="testCase.RegTestcase2" name="VerifyAccReg" time="0.0">
    <ignored/>
  </testcase> <!-- VerifyAccReg -->
</testsuite> <!-- chhromeTest -->
