<?xml version="1.0" encoding="UTF-8"?>
<!-- Generated by org.testng.reporters.JUnitXMLReporter -->
<testsuite ignored="1" hostname="DESKTOP-D09GME8" failures="0" tests="5" name="edgeTest" time="210.483" errors="0" timestamp="2024-12-23T01:38:46 IST">
  <testcase classname="testCase.TC001RegTestcase" name="VerifyAccReg" time="18.023"/>
  <testcase classname="testCase.TC002LoginTestcase" name="TC002testLogin" time="0.0">
    <skipped/>
  </testcase> <!-- TC002testLogin -->
  <testcase classname="testCase.TC003LoginwithDDT" name="testLoginwithdata" time="0.0">
    <skipped/>
  </testcase> <!-- testLoginwithdata -->
  <testcase classname="testCase.TC003LoginwithDDT" name="testLoginwithdata" time="0.001">
    <skipped/>
  </testcase> <!-- testLoginwithdata -->
  <testcase classname="testCase.TC003LoginwithDDT" name="testLoginwithdata" time="0.0">
    <skipped/>
  </testcase> <!-- testLoginwithdata -->
  <testcase classname="testCase.RegTestcase2" name="VerifyAccReg" time="0.0">
    <ignored/>
  </testcase> <!-- VerifyAccReg -->
</testsuite> <!-- edgeTest -->
