<?xml version="1.0" encoding="UTF-8"?>
<!-- Generated by org.testng.reporters.JUnitXMLReporter -->
<testsuite ignored="1" hostname="DESKTOP-D09GME8" failures="0" tests="5" name="chhromeTest" time="60.827" errors="0" timestamp="2024-12-23T20:58:32 IST">
  <testcase classname="testCase.TC001RegTestcase" name="VerifyAccReg" time="7.929"/>
  <testcase classname="testCase.TC002LoginTestcase" name="TC002testLogin" time="3.433"/>
  <testcase classname="testCase.TC003LoginwithDDT" name="testLoginwithdata" time="6.871"/>
  <testcase classname="testCase.TC003LoginwithDDT" name="testLoginwithdata" time="13.113"/>
  <testcase classname="testCase.TC003LoginwithDDT" name="testLoginwithdata" time="13.101"/>
  <testcase classname="testCase.RegTestcase2" name="VerifyAccReg" time="0.0">
    <ignored/>
  </testcase> <!-- VerifyAccReg -->
</testsuite> <!-- chhromeTest -->
