<?xml version="1.0" encoding="UTF-8"?>
<!-- Generated by org.testng.reporters.JUnitXMLReporter -->
<testsuite ignored="1" hostname="DESKTOP-D09GME8" failures="0" tests="5" name="edgeTest" time="62.177" errors="0" timestamp="2024-12-23T20:59:35 IST">
  <testcase classname="testCase.TC001RegTestcase" name="VerifyAccReg" time="6.87"/>
  <testcase classname="testCase.TC002LoginTestcase" name="TC002testLogin" time="3.867"/>
  <testcase classname="testCase.TC003LoginwithDDT" name="testLoginwithdata" time="6.948"/>
  <testcase classname="testCase.TC003LoginwithDDT" name="testLoginwithdata" time="13.199"/>
  <testcase classname="testCase.TC003LoginwithDDT" name="testLoginwithdata" time="13.24"/>
  <testcase classname="testCase.RegTestcase2" name="VerifyAccReg" time="0.0">
    <ignored/>
  </testcase> <!-- VerifyAccReg -->
</testsuite> <!-- edgeTest -->
