<?xml version="1.0" encoding="UTF-8"?>
<testsuite xmlns:xsi="http://www.w3.org/2001/XMLSchema-instance" xsi:noNamespaceSchemaLocation="https://maven.apache.org/surefire/maven-surefire-plugin/xsd/surefire-test-report.xsd" version="3.0.2" name="TestSuite" time="126.532" tests="10" errors="0" skipped="0" failures="0">
  <properties>
[...]
</properties>
  <testcase name="VerifyAccReg" classname="testCase.TC001RegTestcase" time="7.556">
    <system-out><![CDATA[2024-12-23 20:57:37,295(HH:mm:ss.SSS) [main] INFO  testCase.TC001RegTestcase(36) Page title after opening: Your Store
2024-12-23 20:57:37,939(HH:mm:ss.SSS) [main] INFO  testCase.TC001RegTestcase(36) Navigated to Home page
2024-12-23 20:57:38,747(HH:mm:ss.SSS) [main] INFO  testCase.TC001RegTestcase(36) Clicked on Registration Page
2024-12-23 20:57:39,638(HH:mm:ss.SSS) [main] INFO  testCase.TC001RegTestcase(36) Submitted Details
]]></system-out>
  </testcase>
  <testcase name="VerifyAccReg" classname="testCase.TC001RegTestcase" time="6.863">
    <system-out><![CDATA[Test Suite Execution Finished: chhromeTest
2024-12-23 20:58:36,739(HH:mm:ss.SSS) [main] INFO  testCase.TC001RegTestcase(36) Page title after opening: Your Store
2024-12-23 20:58:36,771(HH:mm:ss.SSS) [main] INFO  testCase.TC001RegTestcase(36) Navigated to Home page
2024-12-23 20:58:37,369(HH:mm:ss.SSS) [main] INFO  testCase.TC001RegTestcase(36) Clicked on Registration Page
2024-12-23 20:58:38,075(HH:mm:ss.SSS) [main] INFO  testCase.TC001RegTestcase(36) Submitted Details
]]></system-out>
  </testcase>
  <testcase name="TC002testLogin" classname="testCase.TC002LoginTestcase" time="3.431">
    <system-out><![CDATA[2024-12-23 20:57:49,170(HH:mm:ss.SSS) [main] INFO  testCase.TC002LoginTestcase(36) Page title after opening: Your Store
2024-12-23 20:57:49,193(HH:mm:ss.SSS) [main] INFO  testCase.TC002LoginTestcase(36) *******Starting TC002 Login Testcase*******
2024-12-23 20:57:49,194(HH:mm:ss.SSS) [main] INFO  testCase.TC002LoginTestcase(36) Navigated to Home page
2024-12-23 20:57:49,970(HH:mm:ss.SSS) [main] INFO  testCase.TC002LoginTestcase(36) Clicked on Login
2024-12-23 20:57:50,001(HH:mm:ss.SSS) [main] INFO  testCase.TC002LoginTestcase(36) Entering details on Login Page
2024-12-23 20:57:52,625(HH:mm:ss.SSS) [main] INFO  testCase.TC002LoginTestcase(36) Logged in Successfully
2024-12-23 20:57:52,625(HH:mm:ss.SSS) [main] INFO  testCase.TC002LoginTestcase(36) ******************Finished Executing Testcase***************
]]></system-out>
  </testcase>
  <testcase name="TC002testLogin" classname="testCase.TC002LoginTestcase" time="3.866">
    <system-out><![CDATA[2024-12-23 20:58:50,497(HH:mm:ss.SSS) [main] INFO  testCase.TC002LoginTestcase(36) Page title after opening: Your Store
2024-12-23 20:58:50,529(HH:mm:ss.SSS) [main] INFO  testCase.TC002LoginTestcase(36) *******Starting TC002 Login Testcase*******
2024-12-23 20:58:50,530(HH:mm:ss.SSS) [main] INFO  testCase.TC002LoginTestcase(36) Navigated to Home page
2024-12-23 20:58:51,337(HH:mm:ss.SSS) [main] INFO  testCase.TC002LoginTestcase(36) Clicked on Login
2024-12-23 20:58:51,338(HH:mm:ss.SSS) [main] INFO  testCase.TC002LoginTestcase(36) Entering details on Login Page
2024-12-23 20:58:54,393(HH:mm:ss.SSS) [main] INFO  testCase.TC002LoginTestcase(36) Logged in Successfully
2024-12-23 20:58:54,394(HH:mm:ss.SSS) [main] INFO  testCase.TC002LoginTestcase(36) ******************Finished Executing Testcase***************
]]></system-out>
  </testcase>
  <testcase name="testLoginwithdata[SaiN@gmail.com, Test@123, valid](1)" classname="testCase.TC003LoginwithDDT" time="6.878">
    <system-out><![CDATA[2024-12-23 20:57:56,506(HH:mm:ss.SSS) [main] INFO  testCase.TC003LoginwithDDT(36) Page title after opening: Your Store
2024-12-23 20:57:58,421(HH:mm:ss.SSS) [main] INFO  testCase.TC003LoginwithDDT(36) *******Starting TC003LoginwithDDT*******
2024-12-23 20:57:58,422(HH:mm:ss.SSS) [main] INFO  testCase.TC003LoginwithDDT(36) Navigated to Home page
2024-12-23 20:57:58,984(HH:mm:ss.SSS) [main] INFO  testCase.TC003LoginwithDDT(36) Clicked on Login
2024-12-23 20:57:58,984(HH:mm:ss.SSS) [main] INFO  testCase.TC003LoginwithDDT(36) Entering details on Login Page
2024-12-23 20:58:01,560(HH:mm:ss.SSS) [main] INFO  testCase.TC003LoginwithDDT(36) Logged in Successfully
2024-12-23 20:58:05,287(HH:mm:ss.SSS) [main] INFO  testCase.TC003LoginwithDDT(36) ******************Finished Executing Testcase***************
]]></system-out>
  </testcase>
  <testcase name="testLoginwithdata[SaiN@gmail.com, Test@123, valid](1)" classname="testCase.TC003LoginwithDDT" time="6.953">
    <system-out><![CDATA[2024-12-23 20:58:59,145(HH:mm:ss.SSS) [main] INFO  testCase.TC003LoginwithDDT(36) Page title after opening: Your Store
2024-12-23 20:59:00,131(HH:mm:ss.SSS) [main] INFO  testCase.TC003LoginwithDDT(36) *******Starting TC003LoginwithDDT*******
2024-12-23 20:59:00,131(HH:mm:ss.SSS) [main] INFO  testCase.TC003LoginwithDDT(36) Navigated to Home page
2024-12-23 20:59:00,825(HH:mm:ss.SSS) [main] INFO  testCase.TC003LoginwithDDT(36) Clicked on Login
2024-12-23 20:59:00,827(HH:mm:ss.SSS) [main] INFO  testCase.TC003LoginwithDDT(36) Entering details on Login Page
2024-12-23 20:59:03,515(HH:mm:ss.SSS) [main] INFO  testCase.TC003LoginwithDDT(36) Logged in Successfully
2024-12-23 20:59:07,077(HH:mm:ss.SSS) [main] INFO  testCase.TC003LoginwithDDT(36) ******************Finished Executing Testcase***************
]]></system-out>
  </testcase>
  <testcase name="testLoginwithdata[sain@gmail.com, sai123, invalid](2)" classname="testCase.TC003LoginwithDDT" time="13.141">
    <system-out><![CDATA[2024-12-23 20:58:05,296(HH:mm:ss.SSS) [main] INFO  testCase.TC003LoginwithDDT(36) *******Starting TC003LoginwithDDT*******
2024-12-23 20:58:05,298(HH:mm:ss.SSS) [main] INFO  testCase.TC003LoginwithDDT(36) Navigated to Home page
2024-12-23 20:58:05,850(HH:mm:ss.SSS) [main] INFO  testCase.TC003LoginwithDDT(36) Clicked on Login
2024-12-23 20:58:05,853(HH:mm:ss.SSS) [main] INFO  testCase.TC003LoginwithDDT(36) Entering details on Login Page
2024-12-23 20:58:18,405(HH:mm:ss.SSS) [main] INFO  testCase.TC003LoginwithDDT(36) Logged in Successfully
2024-12-23 20:58:18,406(HH:mm:ss.SSS) [main] INFO  testCase.TC003LoginwithDDT(36) ******************Finished Executing Testcase***************
]]></system-out>
  </testcase>
  <testcase name="testLoginwithdata[sain@gmail.com, sai123, invalid](2)" classname="testCase.TC003LoginwithDDT" time="13.214">
    <system-out><![CDATA[2024-12-23 20:59:07,083(HH:mm:ss.SSS) [main] INFO  testCase.TC003LoginwithDDT(36) *******Starting TC003LoginwithDDT*******
2024-12-23 20:59:07,084(HH:mm:ss.SSS) [main] INFO  testCase.TC003LoginwithDDT(36) Navigated to Home page
2024-12-23 20:59:07,715(HH:mm:ss.SSS) [main] INFO  testCase.TC003LoginwithDDT(36) Clicked on Login
2024-12-23 20:59:07,716(HH:mm:ss.SSS) [main] INFO  testCase.TC003LoginwithDDT(36) Entering details on Login Page
2024-12-23 20:59:20,280(HH:mm:ss.SSS) [main] INFO  testCase.TC003LoginwithDDT(36) Logged in Successfully
2024-12-23 20:59:20,280(HH:mm:ss.SSS) [main] INFO  testCase.TC003LoginwithDDT(36) ******************Finished Executing Testcase***************
]]></system-out>
  </testcase>
  <testcase name="testLoginwithdata[ksain@gmail.com, sai123, invalid](3)" classname="testCase.TC003LoginwithDDT" time="13.09">
    <system-out><![CDATA[2024-12-23 20:58:18,420(HH:mm:ss.SSS) [main] INFO  testCase.TC003LoginwithDDT(36) *******Starting TC003LoginwithDDT*******
2024-12-23 20:58:18,422(HH:mm:ss.SSS) [main] INFO  testCase.TC003LoginwithDDT(36) Navigated to Home page
2024-12-23 20:58:19,086(HH:mm:ss.SSS) [main] INFO  testCase.TC003LoginwithDDT(36) Clicked on Login
2024-12-23 20:58:19,088(HH:mm:ss.SSS) [main] INFO  testCase.TC003LoginwithDDT(36) Entering details on Login Page
2024-12-23 20:58:31,513(HH:mm:ss.SSS) [main] INFO  testCase.TC003LoginwithDDT(36) Logged in Successfully
2024-12-23 20:58:31,514(HH:mm:ss.SSS) [main] INFO  testCase.TC003LoginwithDDT(36) ******************Finished Executing Testcase***************
]]></system-out>
  </testcase>
  <testcase name="testLoginwithdata[ksain@gmail.com, sai123, invalid](3)" classname="testCase.TC003LoginwithDDT" time="13.244">
    <system-out><![CDATA[2024-12-23 20:59:20,290(HH:mm:ss.SSS) [main] INFO  testCase.TC003LoginwithDDT(36) *******Starting TC003LoginwithDDT*******
2024-12-23 20:59:20,294(HH:mm:ss.SSS) [main] INFO  testCase.TC003LoginwithDDT(36) Navigated to Home page
2024-12-23 20:59:21,100(HH:mm:ss.SSS) [main] INFO  testCase.TC003LoginwithDDT(36) Clicked on Login
2024-12-23 20:59:21,107(HH:mm:ss.SSS) [main] INFO  testCase.TC003LoginwithDDT(36) Entering details on Login Page
2024-12-23 20:59:33,524(HH:mm:ss.SSS) [main] INFO  testCase.TC003LoginwithDDT(36) Logged in Successfully
2024-12-23 20:59:33,525(HH:mm:ss.SSS) [main] INFO  testCase.TC003LoginwithDDT(36) ******************Finished Executing Testcase***************
]]></system-out>
  </testcase>
</testsuite>