<?xml version="1.0" encoding="UTF-8"?>
<!-- Generated by org.testng.reporters.JUnitXMLReporter -->
<testsuite ignored="2" hostname="DESKTOP-D09GME8" failures="0" tests="0" name="Test" time="2.035" errors="0" timestamp="2024-12-18T02:29:26 IST">
  <testcase classname="testCase.TC002LoginTestcase" name="TC002testLogin" time="0.0">
    <ignored/>
  </testcase> <!-- TC002testLogin -->
  <testcase classname="testCase.TC001RegTestcase" name="VerifyAccReg" time="0.0">
    <ignored/>
  </testcase> <!-- VerifyAccReg -->
</testsuite> <!-- Test -->
