<?xml version="1.0" encoding="UTF-8"?>
<!-- Generated by org.testng.reporters.JUnitReportReporter -->
<testsuite hostname="DESKTOP-D09GME8" failures="0" tests="6" name="testCase.TC003LoginwithDDT" time="66.472" errors="0" timestamp="2024-12-23T20:59:35 IST" skipped="0">
  <testcase classname="testCase.TC003LoginwithDDT" name="testLoginwithdata" time="13.113"/>
  <testcase classname="testCase.TC003LoginwithDDT" name="testLoginwithdata" time="6.948"/>
  <testcase classname="testCase.TC003LoginwithDDT" name="testLoginwithdata" time="6.871"/>
  <testcase classname="testCase.TC003LoginwithDDT" name="testLoginwithdata" time="13.240"/>
  <testcase classname="testCase.TC003LoginwithDDT" name="testLoginwithdata" time="13.101"/>
  <testcase classname="testCase.TC003LoginwithDDT" name="testLoginwithdata" time="13.199"/>
</testsuite> <!-- testCase.TC003LoginwithDDT -->
